<?xml version="1.0" encoding="UTF-8"?>
<!-- Generated by org.testng.reporters.JUnitReportReporter -->
<testsuite hostname="DESKTOP-1F48T11" failures="0" tests="1" name="TESTclass.tc_01_loginfuncrtionality2" time="4.310" errors="0" timestamp="2022-10-09T23:22:24 IST" skipped="0">
  <testcase classname="TESTclass.tc_01_loginfuncrtionality2" name="validation" time="4.310"/>
  <system-out/>
</testsuite> <!-- TESTclass.tc_01_loginfuncrtionality2 -->
