<?xml version="1.0" encoding="UTF-8"?>
<!-- Generated by org.testng.reporters.JUnitReportReporter -->
<testsuite hostname="DESKTOP-1F48T11" failures="0" tests="1" name="TESTclass.TC_02_AddToCart" time="31.239" errors="0" timestamp="2022-10-09T23:22:24 IST" skipped="0">
  <testcase classname="TESTclass.TC_02_AddToCart" name="validation" time="31.239"/>
  <system-out/>
</testsuite> <!-- TESTclass.TC_02_AddToCart -->
